2020-06-01 00:22:18.675  INFO 4627 --- [http-nio-80-exec-1] o.apache.coyote.http11.Http11Processor   : Error parsing HTTP request header
 Note: further occurrences of HTTP request parsing errors will be logged at DEBUG level.

java.lang.IllegalArgumentException: Invalid character found in the HTTP protocol
	at org.apache.coyote.http11.Http11InputBuffer.parseRequestLine(Http11InputBuffer.java:532) ~[tomcat-embed-core-9.0.29.jar!/:9.0.29]
	at org.apache.coyote.http11.Http11Processor.service(Http11Processor.java:260) ~[tomcat-embed-core-9.0.29.jar!/:9.0.29]
	at org.apache.coyote.AbstractProcessorLight.process(AbstractProcessorLight.java:65) [tomcat-embed-core-9.0.29.jar!/:9.0.29]
	at org.apache.coyote.AbstractProtocol$ConnectionHandler.process(AbstractProtocol.java:860) [tomcat-embed-core-9.0.29.jar!/:9.0.29]
	at org.apache.tomcat.util.net.NioEndpoint$SocketProcessor.doRun(NioEndpoint.java:1591) [tomcat-embed-core-9.0.29.jar!/:9.0.29]
	at org.apache.tomcat.util.net.SocketProcessorBase.run(SocketProcessorBase.java:49) [tomcat-embed-core-9.0.29.jar!/:9.0.29]
	at java.util.concurrent.ThreadPoolExecutor.runWorker(ThreadPoolExecutor.java:1149) [na:1.8.0_252]
	at java.util.concurrent.ThreadPoolExecutor$Worker.run(ThreadPoolExecutor.java:624) [na:1.8.0_252]
	at org.apache.tomcat.util.threads.TaskThread$WrappingRunnable.run(TaskThread.java:61) [tomcat-embed-core-9.0.29.jar!/:9.0.29]
	at java.lang.Thread.run(Thread.java:748) [na:1.8.0_252]

2020-06-01 04:46:25.766 ERROR 4627 --- [http-nio-80-exec-7] c.f.b.c.a.ControllerExceptionHandler     : Requst URL : http://127.0.0.1/adv,/cgi-bin/weblogin.cgi, Exception : {}

org.springframework.http.InvalidMediaTypeException: Invalid mime type "/": does not contain subtype after '/'
	at org.springframework.http.MediaType.parseMediaType(MediaType.java:574) ~[spring-web-5.2.2.RELEASE.jar!/:5.2.2.RELEASE]
	at org.springframework.http.MediaType.parseMediaTypes(MediaType.java:600) ~[spring-web-5.2.2.RELEASE.jar!/:5.2.2.RELEASE]
	at org.springframework.boot.autoconfigure.web.servlet.WelcomePageHandlerMapping.getAcceptedMediaTypes(WelcomePageHandlerMapping.java:88) ~[spring-boot-autoconfigure-2.2.2.RELEASE.jar!/:2.2.2.RELEASE]
	at org.springframework.boot.autoconfigure.web.servlet.WelcomePageHandlerMapping.getHandlerInternal(WelcomePageHandlerMapping.java:77) ~[spring-boot-autoconfigure-2.2.2.RELEASE.jar!/:2.2.2.RELEASE]
	at org.springframework.web.servlet.handler.AbstractHandlerMapping.getHandler(AbstractHandlerMapping.java:393) ~[spring-webmvc-5.2.2.RELEASE.jar!/:5.2.2.RELEASE]
	at org.springframework.web.servlet.DispatcherServlet.getHandler(DispatcherServlet.java:1234) ~[spring-webmvc-5.2.2.RELEASE.jar!/:5.2.2.RELEASE]
	at org.springframework.web.servlet.DispatcherServlet.doDispatch(DispatcherServlet.java:1016) ~[spring-webmvc-5.2.2.RELEASE.jar!/:5.2.2.RELEASE]
	at org.springframework.web.servlet.DispatcherServlet.doService(DispatcherServlet.java:943) ~[spring-webmvc-5.2.2.RELEASE.jar!/:5.2.2.RELEASE]
	at org.springframework.web.servlet.FrameworkServlet.processRequest(FrameworkServlet.java:1006) [spring-webmvc-5.2.2.RELEASE.jar!/:5.2.2.RELEASE]
	at org.springframework.web.servlet.FrameworkServlet.doGet(FrameworkServlet.java:898) [spring-webmvc-5.2.2.RELEASE.jar!/:5.2.2.RELEASE]
	at javax.servlet.http.HttpServlet.service(HttpServlet.java:634) [tomcat-embed-core-9.0.29.jar!/:9.0.29]
	at org.springframework.web.servlet.FrameworkServlet.service(FrameworkServlet.java:883) [spring-webmvc-5.2.2.RELEASE.jar!/:5.2.2.RELEASE]
	at javax.servlet.http.HttpServlet.service(HttpServlet.java:741) [tomcat-embed-core-9.0.29.jar!/:9.0.29]
	at org.apache.catalina.core.ApplicationFilterChain.internalDoFilter(ApplicationFilterChain.java:231) [tomcat-embed-core-9.0.29.jar!/:9.0.29]
	at org.apache.catalina.core.ApplicationFilterChain.doFilter(ApplicationFilterChain.java:166) [tomcat-embed-core-9.0.29.jar!/:9.0.29]
	at org.apache.tomcat.websocket.server.WsFilter.doFilter(WsFilter.java:53) [tomcat-embed-websocket-9.0.29.jar!/:9.0.29]
	at org.apache.catalina.core.ApplicationFilterChain.internalDoFilter(ApplicationFilterChain.java:193) [tomcat-embed-core-9.0.29.jar!/:9.0.29]
	at org.apache.catalina.core.ApplicationFilterChain.doFilter(ApplicationFilterChain.java:166) [tomcat-embed-core-9.0.29.jar!/:9.0.29]
	at org.springframework.web.filter.RequestContextFilter.doFilterInternal(RequestContextFilter.java:100) [spring-web-5.2.2.RELEASE.jar!/:5.2.2.RELEASE]
	at org.springframework.web.filter.OncePerRequestFilter.doFilter(OncePerRequestFilter.java:119) [spring-web-5.2.2.RELEASE.jar!/:5.2.2.RELEASE]
	at org.apache.catalina.core.ApplicationFilterChain.internalDoFilter(ApplicationFilterChain.java:193) [tomcat-embed-core-9.0.29.jar!/:9.0.29]
	at org.apache.catalina.core.ApplicationFilterChain.doFilter(ApplicationFilterChain.java:166) [tomcat-embed-core-9.0.29.jar!/:9.0.29]
	at org.springframework.web.filter.FormContentFilter.doFilterInternal(FormContentFilter.java:93) [spring-web-5.2.2.RELEASE.jar!/:5.2.2.RELEASE]
	at org.springframework.web.filter.OncePerRequestFilter.doFilter(OncePerRequestFilter.java:119) [spring-web-5.2.2.RELEASE.jar!/:5.2.2.RELEASE]
	at org.apache.catalina.core.ApplicationFilterChain.internalDoFilter(ApplicationFilterChain.java:193) [tomcat-embed-core-9.0.29.jar!/:9.0.29]
	at org.apache.catalina.core.ApplicationFilterChain.doFilter(ApplicationFilterChain.java:166) [tomcat-embed-core-9.0.29.jar!/:9.0.29]
	at org.springframework.web.filter.CharacterEncodingFilter.doFilterInternal(CharacterEncodingFilter.java:201) [spring-web-5.2.2.RELEASE.jar!/:5.2.2.RELEASE]
	at org.springframework.web.filter.OncePerRequestFilter.doFilter(OncePerRequestFilter.java:119) [spring-web-5.2.2.RELEASE.jar!/:5.2.2.RELEASE]
	at org.apache.catalina.core.ApplicationFilterChain.internalDoFilter(ApplicationFilterChain.java:193) [tomcat-embed-core-9.0.29.jar!/:9.0.29]
	at org.apache.catalina.core.ApplicationFilterChain.doFilter(ApplicationFilterChain.java:166) [tomcat-embed-core-9.0.29.jar!/:9.0.29]
	at org.apache.catalina.core.StandardWrapperValve.invoke(StandardWrapperValve.java:202) [tomcat-embed-core-9.0.29.jar!/:9.0.29]
	at org.apache.catalina.core.StandardContextValve.invoke(StandardContextValve.java:96) [tomcat-embed-core-9.0.29.jar!/:9.0.29]
	at org.apache.catalina.authenticator.AuthenticatorBase.invoke(AuthenticatorBase.java:526) [tomcat-embed-core-9.0.29.jar!/:9.0.29]
	at org.apache.catalina.core.StandardHostValve.invoke(StandardHostValve.java:139) [tomcat-embed-core-9.0.29.jar!/:9.0.29]
	at org.apache.catalina.valves.ErrorReportValve.invoke(ErrorReportValve.java:92) [tomcat-embed-core-9.0.29.jar!/:9.0.29]
	at org.apache.catalina.core.StandardEngineValve.invoke(StandardEngineValve.java:74) [tomcat-embed-core-9.0.29.jar!/:9.0.29]
	at org.apache.catalina.connector.CoyoteAdapter.service(CoyoteAdapter.java:343) [tomcat-embed-core-9.0.29.jar!/:9.0.29]
	at org.apache.coyote.http11.Http11Processor.service(Http11Processor.java:367) [tomcat-embed-core-9.0.29.jar!/:9.0.29]
	at org.apache.coyote.AbstractProcessorLight.process(AbstractProcessorLight.java:65) [tomcat-embed-core-9.0.29.jar!/:9.0.29]
	at org.apache.coyote.AbstractProtocol$ConnectionHandler.process(AbstractProtocol.java:860) [tomcat-embed-core-9.0.29.jar!/:9.0.29]
	at org.apache.tomcat.util.net.NioEndpoint$SocketProcessor.doRun(NioEndpoint.java:1591) [tomcat-embed-core-9.0.29.jar!/:9.0.29]
	at org.apache.tomcat.util.net.SocketProcessorBase.run(SocketProcessorBase.java:49) [tomcat-embed-core-9.0.29.jar!/:9.0.29]
	at java.util.concurrent.ThreadPoolExecutor.runWorker(ThreadPoolExecutor.java:1149) [na:1.8.0_252]
	at java.util.concurrent.ThreadPoolExecutor$Worker.run(ThreadPoolExecutor.java:624) [na:1.8.0_252]
	at org.apache.tomcat.util.threads.TaskThread$WrappingRunnable.run(TaskThread.java:61) [tomcat-embed-core-9.0.29.jar!/:9.0.29]
	at java.lang.Thread.run(Thread.java:748) [na:1.8.0_252]
Caused by: org.springframework.util.InvalidMimeTypeException: Invalid mime type "/": does not contain subtype after '/'
	at org.springframework.util.MimeTypeUtils.parseMimeTypeInternal(MimeTypeUtils.java:215) ~[spring-core-5.2.2.RELEASE.jar!/:5.2.2.RELEASE]
	at org.springframework.util.MimeTypeUtils$ConcurrentLruCache.get(MimeTypeUtils.java:464) ~[spring-core-5.2.2.RELEASE.jar!/:5.2.2.RELEASE]
	at org.springframework.util.MimeTypeUtils.parseMimeType(MimeTypeUtils.java:196) ~[spring-core-5.2.2.RELEASE.jar!/:5.2.2.RELEASE]
	at org.springframework.http.MediaType.parseMediaType(MediaType.java:571) ~[spring-web-5.2.2.RELEASE.jar!/:5.2.2.RELEASE]
	... 45 common frames omitted

2020-06-01 16:51:09.258 ERROR 4627 --- [http-nio-80-exec-2] c.f.b.c.a.ControllerExceptionHandler     : Requst URL : http://127.0.0.1/adv,/cgi-bin/weblogin.cgi, Exception : {}

org.springframework.http.InvalidMediaTypeException: Invalid mime type "/": does not contain subtype after '/'
	at org.springframework.http.MediaType.parseMediaType(MediaType.java:574) ~[spring-web-5.2.2.RELEASE.jar!/:5.2.2.RELEASE]
	at org.springframework.http.MediaType.parseMediaTypes(MediaType.java:600) ~[spring-web-5.2.2.RELEASE.jar!/:5.2.2.RELEASE]
	at org.springframework.boot.autoconfigure.web.servlet.WelcomePageHandlerMapping.getAcceptedMediaTypes(WelcomePageHandlerMapping.java:88) ~[spring-boot-autoconfigure-2.2.2.RELEASE.jar!/:2.2.2.RELEASE]
	at org.springframework.boot.autoconfigure.web.servlet.WelcomePageHandlerMapping.getHandlerInternal(WelcomePageHandlerMapping.java:77) ~[spring-boot-autoconfigure-2.2.2.RELEASE.jar!/:2.2.2.RELEASE]
	at org.springframework.web.servlet.handler.AbstractHandlerMapping.getHandler(AbstractHandlerMapping.java:393) ~[spring-webmvc-5.2.2.RELEASE.jar!/:5.2.2.RELEASE]
	at org.springframework.web.servlet.DispatcherServlet.getHandler(DispatcherServlet.java:1234) ~[spring-webmvc-5.2.2.RELEASE.jar!/:5.2.2.RELEASE]
	at org.springframework.web.servlet.DispatcherServlet.doDispatch(DispatcherServlet.java:1016) ~[spring-webmvc-5.2.2.RELEASE.jar!/:5.2.2.RELEASE]
	at org.springframework.web.servlet.DispatcherServlet.doService(DispatcherServlet.java:943) ~[spring-webmvc-5.2.2.RELEASE.jar!/:5.2.2.RELEASE]
	at org.springframework.web.servlet.FrameworkServlet.processRequest(FrameworkServlet.java:1006) [spring-webmvc-5.2.2.RELEASE.jar!/:5.2.2.RELEASE]
	at org.springframework.web.servlet.FrameworkServlet.doGet(FrameworkServlet.java:898) [spring-webmvc-5.2.2.RELEASE.jar!/:5.2.2.RELEASE]
	at javax.servlet.http.HttpServlet.service(HttpServlet.java:634) [tomcat-embed-core-9.0.29.jar!/:9.0.29]
	at org.springframework.web.servlet.FrameworkServlet.service(FrameworkServlet.java:883) [spring-webmvc-5.2.2.RELEASE.jar!/:5.2.2.RELEASE]
	at javax.servlet.http.HttpServlet.service(HttpServlet.java:741) [tomcat-embed-core-9.0.29.jar!/:9.0.29]
	at org.apache.catalina.core.ApplicationFilterChain.internalDoFilter(ApplicationFilterChain.java:231) [tomcat-embed-core-9.0.29.jar!/:9.0.29]
	at org.apache.catalina.core.ApplicationFilterChain.doFilter(ApplicationFilterChain.java:166) [tomcat-embed-core-9.0.29.jar!/:9.0.29]
	at org.apache.tomcat.websocket.server.WsFilter.doFilter(WsFilter.java:53) [tomcat-embed-websocket-9.0.29.jar!/:9.0.29]
	at org.apache.catalina.core.ApplicationFilterChain.internalDoFilter(ApplicationFilterChain.java:193) [tomcat-embed-core-9.0.29.jar!/:9.0.29]
	at org.apache.catalina.core.ApplicationFilterChain.doFilter(ApplicationFilterChain.java:166) [tomcat-embed-core-9.0.29.jar!/:9.0.29]
	at org.springframework.web.filter.RequestContextFilter.doFilterInternal(RequestContextFilter.java:100) [spring-web-5.2.2.RELEASE.jar!/:5.2.2.RELEASE]
	at org.springframework.web.filter.OncePerRequestFilter.doFilter(OncePerRequestFilter.java:119) [spring-web-5.2.2.RELEASE.jar!/:5.2.2.RELEASE]
	at org.apache.catalina.core.ApplicationFilterChain.internalDoFilter(ApplicationFilterChain.java:193) [tomcat-embed-core-9.0.29.jar!/:9.0.29]
	at org.apache.catalina.core.ApplicationFilterChain.doFilter(ApplicationFilterChain.java:166) [tomcat-embed-core-9.0.29.jar!/:9.0.29]
	at org.springframework.web.filter.FormContentFilter.doFilterInternal(FormContentFilter.java:93) [spring-web-5.2.2.RELEASE.jar!/:5.2.2.RELEASE]
	at org.springframework.web.filter.OncePerRequestFilter.doFilter(OncePerRequestFilter.java:119) [spring-web-5.2.2.RELEASE.jar!/:5.2.2.RELEASE]
	at org.apache.catalina.core.ApplicationFilterChain.internalDoFilter(ApplicationFilterChain.java:193) [tomcat-embed-core-9.0.29.jar!/:9.0.29]
	at org.apache.catalina.core.ApplicationFilterChain.doFilter(ApplicationFilterChain.java:166) [tomcat-embed-core-9.0.29.jar!/:9.0.29]
	at org.springframework.web.filter.CharacterEncodingFilter.doFilterInternal(CharacterEncodingFilter.java:201) [spring-web-5.2.2.RELEASE.jar!/:5.2.2.RELEASE]
	at org.springframework.web.filter.OncePerRequestFilter.doFilter(OncePerRequestFilter.java:119) [spring-web-5.2.2.RELEASE.jar!/:5.2.2.RELEASE]
	at org.apache.catalina.core.ApplicationFilterChain.internalDoFilter(ApplicationFilterChain.java:193) [tomcat-embed-core-9.0.29.jar!/:9.0.29]
	at org.apache.catalina.core.ApplicationFilterChain.doFilter(ApplicationFilterChain.java:166) [tomcat-embed-core-9.0.29.jar!/:9.0.29]
	at org.apache.catalina.core.StandardWrapperValve.invoke(StandardWrapperValve.java:202) [tomcat-embed-core-9.0.29.jar!/:9.0.29]
	at org.apache.catalina.core.StandardContextValve.invoke(StandardContextValve.java:96) [tomcat-embed-core-9.0.29.jar!/:9.0.29]
	at org.apache.catalina.authenticator.AuthenticatorBase.invoke(AuthenticatorBase.java:526) [tomcat-embed-core-9.0.29.jar!/:9.0.29]
	at org.apache.catalina.core.StandardHostValve.invoke(StandardHostValve.java:139) [tomcat-embed-core-9.0.29.jar!/:9.0.29]
	at org.apache.catalina.valves.ErrorReportValve.invoke(ErrorReportValve.java:92) [tomcat-embed-core-9.0.29.jar!/:9.0.29]
	at org.apache.catalina.core.StandardEngineValve.invoke(StandardEngineValve.java:74) [tomcat-embed-core-9.0.29.jar!/:9.0.29]
	at org.apache.catalina.connector.CoyoteAdapter.service(CoyoteAdapter.java:343) [tomcat-embed-core-9.0.29.jar!/:9.0.29]
	at org.apache.coyote.http11.Http11Processor.service(Http11Processor.java:367) [tomcat-embed-core-9.0.29.jar!/:9.0.29]
	at org.apache.coyote.AbstractProcessorLight.process(AbstractProcessorLight.java:65) [tomcat-embed-core-9.0.29.jar!/:9.0.29]
	at org.apache.coyote.AbstractProtocol$ConnectionHandler.process(AbstractProtocol.java:860) [tomcat-embed-core-9.0.29.jar!/:9.0.29]
	at org.apache.tomcat.util.net.NioEndpoint$SocketProcessor.doRun(NioEndpoint.java:1591) [tomcat-embed-core-9.0.29.jar!/:9.0.29]
	at org.apache.tomcat.util.net.SocketProcessorBase.run(SocketProcessorBase.java:49) [tomcat-embed-core-9.0.29.jar!/:9.0.29]
	at java.util.concurrent.ThreadPoolExecutor.runWorker(ThreadPoolExecutor.java:1149) [na:1.8.0_252]
	at java.util.concurrent.ThreadPoolExecutor$Worker.run(ThreadPoolExecutor.java:624) [na:1.8.0_252]
	at org.apache.tomcat.util.threads.TaskThread$WrappingRunnable.run(TaskThread.java:61) [tomcat-embed-core-9.0.29.jar!/:9.0.29]
	at java.lang.Thread.run(Thread.java:748) [na:1.8.0_252]
Caused by: org.springframework.util.InvalidMimeTypeException: Invalid mime type "/": does not contain subtype after '/'
	at org.springframework.util.MimeTypeUtils.parseMimeTypeInternal(MimeTypeUtils.java:215) ~[spring-core-5.2.2.RELEASE.jar!/:5.2.2.RELEASE]
	at org.springframework.util.MimeTypeUtils$ConcurrentLruCache.get(MimeTypeUtils.java:464) ~[spring-core-5.2.2.RELEASE.jar!/:5.2.2.RELEASE]
	at org.springframework.util.MimeTypeUtils.parseMimeType(MimeTypeUtils.java:196) ~[spring-core-5.2.2.RELEASE.jar!/:5.2.2.RELEASE]
	at org.springframework.http.MediaType.parseMediaType(MediaType.java:571) ~[spring-web-5.2.2.RELEASE.jar!/:5.2.2.RELEASE]
	... 45 common frames omitted

2020-06-01 18:49:18.698  INFO 4627 --- [http-nio-80-exec-4] o.apache.coyote.http11.Http11Processor   : Error parsing HTTP request header
 Note: further occurrences of HTTP request parsing errors will be logged at DEBUG level.

java.lang.IllegalArgumentException: Invalid character found in the HTTP protocol
	at org.apache.coyote.http11.Http11InputBuffer.parseRequestLine(Http11InputBuffer.java:532) ~[tomcat-embed-core-9.0.29.jar!/:9.0.29]
	at org.apache.coyote.http11.Http11Processor.service(Http11Processor.java:260) ~[tomcat-embed-core-9.0.29.jar!/:9.0.29]
	at org.apache.coyote.AbstractProcessorLight.process(AbstractProcessorLight.java:65) [tomcat-embed-core-9.0.29.jar!/:9.0.29]
	at org.apache.coyote.AbstractProtocol$ConnectionHandler.process(AbstractProtocol.java:860) [tomcat-embed-core-9.0.29.jar!/:9.0.29]
	at org.apache.tomcat.util.net.NioEndpoint$SocketProcessor.doRun(NioEndpoint.java:1591) [tomcat-embed-core-9.0.29.jar!/:9.0.29]
	at org.apache.tomcat.util.net.SocketProcessorBase.run(SocketProcessorBase.java:49) [tomcat-embed-core-9.0.29.jar!/:9.0.29]
	at java.util.concurrent.ThreadPoolExecutor.runWorker(ThreadPoolExecutor.java:1149) [na:1.8.0_252]
	at java.util.concurrent.ThreadPoolExecutor$Worker.run(ThreadPoolExecutor.java:624) [na:1.8.0_252]
	at org.apache.tomcat.util.threads.TaskThread$WrappingRunnable.run(TaskThread.java:61) [tomcat-embed-core-9.0.29.jar!/:9.0.29]
	at java.lang.Thread.run(Thread.java:748) [na:1.8.0_252]

2020-06-01 19:51:14.132  INFO 4627 --- [SpringContextShutdownHook] o.s.s.concurrent.ThreadPoolTaskExecutor  : Shutting down ExecutorService 'applicationTaskExecutor'
2020-06-01 19:51:14.148  INFO 4627 --- [SpringContextShutdownHook] com.alibaba.druid.pool.DruidDataSource   : {dataSource-1} closed
